<?xml version="1.0" encoding="UTF-8"?>
<testsuite xmlns:xsi="http://www.w3.org/2001/XMLSchema-instance" xsi:noNamespaceSchemaLocation="https://maven.apache.org/surefire/maven-surefire-plugin/xsd/surefire-test-report-3.0.xsd" version="3.0" name="com.usuarios.Usuarios.UsuariosApplicationTests" time="7.367" tests="1" errors="0" skipped="0" failures="0">
  <properties>
[...]
</properties>
  <testcase name="contextLoads" classname="com.usuarios.Usuarios.UsuariosApplicationTests" time="1.067">
    <system-out><![CDATA[02:19:10.646 [main] INFO org.springframework.test.context.support.AnnotationConfigContextLoaderUtils -- Could not detect default configuration classes for test class [com.usuarios.Usuarios.UsuariosApplicationTests]: UsuariosApplicationTests does not declare any static, non-private, non-final, nested classes annotated with @Configuration.
02:19:10.751 [main] INFO org.springframework.boot.test.context.SpringBootTestContextBootstrapper -- Found @SpringBootConfiguration com.usuarios.Usuarios.UsuariosApplication for test class com.usuarios.Usuarios.UsuariosApplicationTests

  .   ____          _            __ _ _
 /\\ / ___'_ __ _ _(_)_ __  __ _ \ \ \ \
( ( )\___ | '_ | '_| | '_ \/ _` | \ \ \ \
 \\/  ___)| |_)| | | | | || (_| |  ) ) ) )
  '  |____| .__|_| |_|_| |_\__, | / / / /
 =========|_|==============|___/=/_/_/_/
 :: Spring Boot ::                (v3.1.0)

2025-06-24T02:19:11.171-04:00  INFO 4800 --- [           main] c.u.Usuarios.UsuariosApplicationTests    : Starting UsuariosApplicationTests using Java 17.0.12 with PID 4800 (started by joaqu in C:\Users\joaqu\OneDrive\Escritorio\Proyecto-fullstack\EdutechSPA-main\Usuarios)
2025-06-24T02:19:11.173-04:00  INFO 4800 --- [           main] c.u.Usuarios.UsuariosApplicationTests    : No active profile set, falling back to 1 default profile: "default"
2025-06-24T02:19:12.016-04:00  INFO 4800 --- [           main] .s.d.r.c.RepositoryConfigurationDelegate : Bootstrapping Spring Data JPA repositories in DEFAULT mode.
2025-06-24T02:19:12.074-04:00  INFO 4800 --- [           main] .s.d.r.c.RepositoryConfigurationDelegate : Finished Spring Data repository scanning in 48 ms. Found 1 JPA repository interfaces.
2025-06-24T02:19:12.674-04:00  INFO 4800 --- [           main] o.hibernate.jpa.internal.util.LogHelper  : HHH000204: Processing PersistenceUnitInfo [name: default]
2025-06-24T02:19:12.732-04:00  INFO 4800 --- [           main] org.hibernate.Version                    : HHH000412: Hibernate ORM core version 6.2.2.Final
2025-06-24T02:19:12.734-04:00  INFO 4800 --- [           main] org.hibernate.cfg.Environment            : HHH000406: Using bytecode reflection optimizer
2025-06-24T02:19:12.934-04:00  INFO 4800 --- [           main] o.h.b.i.BytecodeProviderInitiator        : HHH000021: Bytecode provider name : bytebuddy
2025-06-24T02:19:13.080-04:00  INFO 4800 --- [           main] o.s.o.j.p.SpringPersistenceUnitInfo      : No LoadTimeWeaver setup: ignoring JPA class transformer
2025-06-24T02:19:13.111-04:00  INFO 4800 --- [           main] com.zaxxer.hikari.HikariDataSource       : HikariPool-1 - Starting...
2025-06-24T02:19:14.070-04:00  INFO 4800 --- [           main] com.zaxxer.hikari.pool.HikariPool        : HikariPool-1 - Added connection oracle.jdbc.driver.T4CConnection@8432469
2025-06-24T02:19:14.072-04:00  INFO 4800 --- [           main] com.zaxxer.hikari.HikariDataSource       : HikariPool-1 - Start completed.
2025-06-24T02:19:14.105-04:00  INFO 4800 --- [           main] org.hibernate.orm.dialect                : HHH035001: Using dialect: org.hibernate.dialect.Oracle12cDialect, version: 12.0
2025-06-24T02:19:14.108-04:00  WARN 4800 --- [           main] org.hibernate.orm.deprecation            : HHH90000026: Oracle12cDialect has been deprecated; use org.hibernate.dialect.OracleDialect instead
2025-06-24T02:19:14.492-04:00  INFO 4800 --- [           main] o.h.b.i.BytecodeProviderInitiator        : HHH000021: Bytecode provider name : bytebuddy
2025-06-24T02:19:15.176-04:00  INFO 4800 --- [           main] o.h.e.t.j.p.i.JtaPlatformInitiator       : HHH000490: Using JtaPlatform implementation: [org.hibernate.engine.transaction.jta.platform.internal.NoJtaPlatform]
2025-06-24T02:19:15.695-04:00  INFO 4800 --- [           main] j.LocalContainerEntityManagerFactoryBean : Initialized JPA EntityManagerFactory for persistence unit 'default'
2025-06-24T02:19:16.104-04:00  WARN 4800 --- [           main] JpaBaseConfiguration$JpaWebConfiguration : spring.jpa.open-in-view is enabled by default. Therefore, database queries may be performed during view rendering. Explicitly configure spring.jpa.open-in-view to disable this warning
2025-06-24T02:19:16.675-04:00  INFO 4800 --- [           main] o.s.b.a.e.web.EndpointLinksResolver      : Exposing 1 endpoint(s) beneath base path '/actuator'
2025-06-24T02:19:16.742-04:00  INFO 4800 --- [           main] c.u.Usuarios.UsuariosApplicationTests    : Started UsuariosApplicationTests in 5.832 seconds (process running for 6.809)
]]></system-out>
  </testcase>
</testsuite>